0 info it worked if it ends with ok
1 verbose cli [ '/usr/local/Cellar/node/5.3.0/bin/node',
1 verbose cli   '/usr/local/bin/npm',
1 verbose cli   'publish' ]
2 info using npm@3.3.12
3 info using node@v5.3.0
4 verbose publish [ '.' ]
5 silly cache add args [ '.', null ]
6 verbose cache add spec .
7 silly cache add parsed spec Result {
7 silly cache add   raw: '.',
7 silly cache add   scope: null,
7 silly cache add   name: null,
7 silly cache add   rawSpec: '.',
7 silly cache add   spec: '/private/var/www/generator/generator-dummies',
7 silly cache add   type: 'directory' }
8 verbose addLocalDirectory /Users/plou/.npm/generator-dummies/2.0.0-beta4/package.tgz not in flight; packing
9 info lifecycle generator-dummies@2.0.0-beta4~prepublish: generator-dummies@2.0.0-beta4
10 silly lifecycle generator-dummies@2.0.0-beta4~prepublish: no script for prepublish, continuing
11 verbose tar pack [ '/Users/plou/.npm/generator-dummies/2.0.0-beta4/package.tgz',
11 verbose tar pack   '/private/var/www/generator/generator-dummies' ]
12 verbose tarball /Users/plou/.npm/generator-dummies/2.0.0-beta4/package.tgz
13 verbose folder /private/var/www/generator/generator-dummies
14 verbose addLocalTarball adding from inside cache /Users/plou/.npm/generator-dummies/2.0.0-beta4/package.tgz
15 silly cache afterAdd generator-dummies@2.0.0-beta4
16 verbose afterAdd /Users/plou/.npm/generator-dummies/2.0.0-beta4/package/package.json not in flight; writing
17 verbose afterAdd /Users/plou/.npm/generator-dummies/2.0.0-beta4/package/package.json written
18 silly publish { name: 'generator-dummies',
18 silly publish   description: 'A dummy generator - Solid foundations for Sass, javascript & automation front-end development',
18 silly publish   version: '2.0.0-beta4',
18 silly publish   homepage: 'https://github.com/dummy-team/generator-dummies',
18 silly publish   author: { name: 'Dummy-team', url: 'https://github.com/dummy-team' },
18 silly publish   contributors: [ { name: 'Plou', email: 'cl.plou@gmail.com' } ],
18 silly publish   files: [ 'generators' ],
18 silly publish   main: 'app/index.js',
18 silly publish   keywords:
18 silly publish    [ 'dummy',
18 silly publish      'front-end',
18 silly publish      'sass',
18 silly publish      'javascript',
18 silly publish      'automation',
18 silly publish      'ES2015',
18 silly publish      'browserify',
18 silly publish      'babeljs',
18 silly publish      'jshint',
18 silly publish      'scss-lint',
18 silly publish      'grunt',
18 silly publish      'yeoman-generator' ],
18 silly publish   repository:
18 silly publish    { type: 'git',
18 silly publish      url: 'git+https://github.com/dummy-team/generator-dummies.git' },
18 silly publish   bugs: { url: 'https://github.com/dummy-team/generator-dummies/issues' },
18 silly publish   dependencies:
18 silly publish    { 'yeoman-generator': '^0.21.1',
18 silly publish      chalk: '^1.0.0',
18 silly publish      dummysay: '^1.0.0' },
18 silly publish   devDependencies:
18 silly publish    { 'yeoman-assert': '^2.0.0',
18 silly publish      gulp: '^3.6.0',
18 silly publish      'gulp-eslint': '^1.0.0',
18 silly publish      'gulp-exclude-gitignore': '^1.0.0',
18 silly publish      'gulp-istanbul': '^0.9.0',
18 silly publish      'gulp-mocha': '^2.0.0',
18 silly publish      'gulp-plumber': '^1.0.0',
18 silly publish      'gulp-nsp': '^2.1.0' },
18 silly publish   scripts: { test: 'gulp' },
18 silly publish   license: 'MIT',
18 silly publish   readme: '# generator-dummies\n\nIt scaffold a **[Dummy](https://github.com/Dummy-team/dummy)** with [Yeoman](http://yeoman.io).\n\n# Usage\n\n```\nnpm install -g generator-dummies`\nyo dummies\n```\n\n# Features\n\nGo check the **[Dummy](https://github.com/Dummy-team/dummy)** to get a full list!\n',
18 silly publish   readmeFilename: 'README.md',
18 silly publish   gitHead: 'bb817b2c06bef97f477aa700795f84af56ab9776',
18 silly publish   _id: 'generator-dummies@2.0.0-beta4',
18 silly publish   _shasum: '93b34225255be67745edfa1115e3f73128b804f2',
18 silly publish   _from: '.' }
19 verbose getPublishConfig undefined
20 silly mapToRegistry name generator-dummies
21 silly mapToRegistry using default registry
22 silly mapToRegistry registry https://registry.npmjs.org/
23 silly mapToRegistry uri https://registry.npmjs.org/generator-dummies
24 verbose publish registryBase https://registry.npmjs.org/
25 silly publish uploading /Users/plou/.npm/generator-dummies/2.0.0-beta4/package.tgz
26 verbose request uri https://registry.npmjs.org/generator-dummies
27 verbose request sending authorization for write operation
28 info attempt registry request try #1 at 1:55:16 PM
29 verbose request using bearer token for auth
30 verbose request id fc8d846b71ce388d
31 http request PUT https://registry.npmjs.org/generator-dummies
32 http 403 https://registry.npmjs.org/generator-dummies
33 verbose headers { 'content-type': 'application/json',
33 verbose headers   'cache-control': 'max-age=300',
33 verbose headers   'content-length': '101',
33 verbose headers   'accept-ranges': 'bytes',
33 verbose headers   date: 'Sat, 06 Feb 2016 12:55:18 GMT',
33 verbose headers   via: '1.1 varnish',
33 verbose headers   connection: 'keep-alive',
33 verbose headers   'x-served-by': 'cache-fra1227-FRA',
33 verbose headers   'x-cache': 'MISS',
33 verbose headers   'x-cache-hits': '0',
33 verbose headers   'x-timer': 'S1454763316.895763,VS0,VE1289' }
34 verbose request invalidating /Users/plou/.npm/registry.npmjs.org/generator-dummies on PUT
35 error publish Failed PUT 403
36 verbose stack Error: "You cannot publish over the previously published version 2.0.0-beta4." : generator-dummies
36 verbose stack     at makeError (/usr/local/lib/node_modules/npm/node_modules/npm-registry-client/lib/request.js:264:12)
36 verbose stack     at CachingRegistryClient.<anonymous> (/usr/local/lib/node_modules/npm/node_modules/npm-registry-client/lib/request.js:252:14)
36 verbose stack     at Request._callback (/usr/local/lib/node_modules/npm/node_modules/npm-registry-client/lib/request.js:172:14)
36 verbose stack     at Request.self.callback (/usr/local/lib/node_modules/npm/node_modules/request/request.js:198:22)
36 verbose stack     at emitTwo (events.js:87:13)
36 verbose stack     at Request.emit (events.js:172:7)
36 verbose stack     at Request.<anonymous> (/usr/local/lib/node_modules/npm/node_modules/request/request.js:1082:10)
36 verbose stack     at emitOne (events.js:82:20)
36 verbose stack     at Request.emit (events.js:169:7)
36 verbose stack     at IncomingMessage.<anonymous> (/usr/local/lib/node_modules/npm/node_modules/request/request.js:1009:12)
37 verbose statusCode 403
38 verbose pkgid generator-dummies
39 verbose cwd /private/var/www/generator/generator-dummies
40 error Darwin 15.4.0
41 error argv "/usr/local/Cellar/node/5.3.0/bin/node" "/usr/local/bin/npm" "publish"
42 error node v5.3.0
43 error npm  v3.3.12
44 error code E403
45 error "You cannot publish over the previously published version 2.0.0-beta4." : generator-dummies
46 error If you need help, you may report this error at:
46 error     <https://github.com/npm/npm/issues>
47 verbose exit [ 1, true ]
